app/build/intermediates/manifest_merge_blame_file/debug/processDebugMainManifest/manifest-merger-blame-debug-report.txt
1<?xml version="1.0" encoding="utf-8"?>
2<manifest xmlns:android="http://schemas.android.com/apk/res/android"
3    package="com.busviet"
4    android:versionCode="1"
5    android:versionName="1.0" >
6
7    <uses-sdk
8        android:minSdkVersion="24"
9        android:targetSdkVersion="35" />
10
11    <!-- Although the *SdkVersion is captured in gradle build files, this is required for non gradle builds -->
12    <!-- <uses-sdk android:minSdkVersion="21"/> -->
13    <uses-permission android:name="android.permission.ACCESS_NETWORK_STATE" />
13-->[com.google.firebase:firebase-database:21.0.0] AndroidManifest.xml:22:5-79
13-->[com.google.firebase:firebase-database:21.0.0] AndroidManifest.xml:22:22-76
14    <uses-permission android:name="android.permission.INTERNET" />
14-->[com.google.firebase:firebase-database:21.0.0] AndroidManifest.xml:23:5-67
14-->[com.google.firebase:firebase-database:21.0.0] AndroidManifest.xml:23:22-64
15    <uses-permission android:name="com.google.android.providers.gsf.permission.READ_GSERVICES" />
15-->[com.google.android.recaptcha:recaptcha:18.4.0] AndroidManifest.xml:9:5-98
15-->[com.google.android.recaptcha:recaptcha:18.4.0] AndroidManifest.xml:9:22-95
16
17    <permission
17-->[androidx.core:core:1.13.0] AndroidManifest.xml:22:5-24:47
18        android:name="com.busviet.DYNAMIC_RECEIVER_NOT_EXPORTED_PERMISSION"
18-->[androidx.core:core:1.13.0] AndroidManifest.xml:23:9-81
19        android:protectionLevel="signature" />
19-->[androidx.core:core:1.13.0] AndroidManifest.xml:24:9-44
20
21    <uses-permission android:name="com.busviet.DYNAMIC_RECEIVER_NOT_EXPORTED_PERMISSION" />
21-->[androidx.core:core:1.13.0] AndroidManifest.xml:26:5-97
21-->[androidx.core:core:1.13.0] AndroidManifest.xml:26:22-94
22
23    <application
23-->src\main\AndroidManifest.xml:6:5-32:19
24        android:appComponentFactory="androidx.core.app.CoreComponentFactory"
24-->[androidx.core:core:1.13.0] AndroidManifest.xml:28:18-86
25        android:dataExtractionRules="@xml/data_extraction_rules"
25-->src\main\AndroidManifest.xml:7:9-65
26        android:debuggable="true"
27        android:extractNativeLibs="false"
28        android:fullBackupContent="@xml/backup_rules"
28-->src\main\AndroidManifest.xml:8:9-54
29        android:icon="@mipmap/ic_launcher"
29-->src\main\AndroidManifest.xml:9:9-43
30        android:label="@string/app_name"
30-->src\main\AndroidManifest.xml:10:9-41
31        android:roundIcon="@mipmap/ic_launcher_round"
31-->src\main\AndroidManifest.xml:11:9-54
32        android:supportsRtl="true"
32-->src\main\AndroidManifest.xml:12:9-35
33        android:testOnly="true"
34        android:theme="@style/Theme.BusViet" >
34-->src\main\AndroidManifest.xml:13:9-45
35
36        <!-- Giao diện đăng nhập -->
37        <activity
37-->src\main\AndroidManifest.xml:17:9-24:20
38            android:name="com.busviet.MainActivity"
38-->src\main\AndroidManifest.xml:18:13-41
39            android:exported="true" >
39-->src\main\AndroidManifest.xml:19:13-36
40            <intent-filter>
40-->src\main\AndroidManifest.xml:20:13-23:29
41                <action android:name="android.intent.action.MAIN" />
41-->src\main\AndroidManifest.xml:21:17-69
41-->src\main\AndroidManifest.xml:21:25-66
42
43                <category android:name="android.intent.category.LAUNCHER" />
43-->src\main\AndroidManifest.xml:22:17-77
43-->src\main\AndroidManifest.xml:22:27-74
44            </intent-filter>
45        </activity>
46
47        <!-- Giao diện chính sau khi đăng nhập -->
48        <activity android:name="com.busviet.HomeActivity" />
48-->src\main\AndroidManifest.xml:27:9-50
48-->src\main\AndroidManifest.xml:27:19-47
49        <activity android:name="com.busviet.UpdateUserActivity" />
49-->src\main\AndroidManifest.xml:28:9-55
49-->src\main\AndroidManifest.xml:28:19-53
50        <activity android:name="com.busviet.TicketDetailActivity" />
50-->src\main\AndroidManifest.xml:29:9-57
50-->src\main\AndroidManifest.xml:29:19-55
51        <activity android:name="com.busviet.TicketHistoryActivity" />
51-->src\main\AndroidManifest.xml:30:9-58
51-->src\main\AndroidManifest.xml:30:19-56
52
53        <service
53-->[com.google.firebase:firebase-database:21.0.0] AndroidManifest.xml:26:9-35:19
54            android:name="com.google.firebase.components.ComponentDiscoveryService"
54-->[com.google.firebase:firebase-database:21.0.0] AndroidManifest.xml:27:13-84
55            android:directBootAware="true"
55-->[com.google.firebase:firebase-common:21.0.0] AndroidManifest.xml:32:13-43
56            android:exported="false" >
56-->[com.google.firebase:firebase-database:21.0.0] AndroidManifest.xml:28:13-37
57            <meta-data
57-->[com.google.firebase:firebase-database:21.0.0] AndroidManifest.xml:29:13-31:85
58                android:name="com.google.firebase.components:com.google.firebase.database.FirebaseDatabaseKtxRegistrar"
58-->[com.google.firebase:firebase-database:21.0.0] AndroidManifest.xml:30:17-120
59                android:value="com.google.firebase.components.ComponentRegistrar" />
59-->[com.google.firebase:firebase-database:21.0.0] AndroidManifest.xml:31:17-82
60            <meta-data
60-->[com.google.firebase:firebase-database:21.0.0] AndroidManifest.xml:32:13-34:85
61                android:name="com.google.firebase.components:com.google.firebase.database.DatabaseRegistrar"
61-->[com.google.firebase:firebase-database:21.0.0] AndroidManifest.xml:33:17-109
62                android:value="com.google.firebase.components.ComponentRegistrar" />
62-->[com.google.firebase:firebase-database:21.0.0] AndroidManifest.xml:34:17-82
63            <meta-data
63-->[com.google.firebase:firebase-auth:22.3.1] AndroidManifest.xml:69:13-71:85
64                android:name="com.google.firebase.components:com.google.firebase.auth.FirebaseAuthRegistrar"
64-->[com.google.firebase:firebase-auth:22.3.1] AndroidManifest.xml:70:17-109
65                android:value="com.google.firebase.components.ComponentRegistrar" />
65-->[com.google.firebase:firebase-auth:22.3.1] AndroidManifest.xml:71:17-82
66            <meta-data
66-->[com.google.firebase:firebase-common-ktx:21.0.0] AndroidManifest.xml:12:13-14:85
67                android:name="com.google.firebase.components:com.google.firebase.ktx.FirebaseCommonLegacyRegistrar"
67-->[com.google.firebase:firebase-common-ktx:21.0.0] AndroidManifest.xml:13:17-116
68                android:value="com.google.firebase.components.ComponentRegistrar" />
68-->[com.google.firebase:firebase-common-ktx:21.0.0] AndroidManifest.xml:14:17-82
69            <meta-data
69-->[com.google.firebase:firebase-common:21.0.0] AndroidManifest.xml:35:13-37:85
70                android:name="com.google.firebase.components:com.google.firebase.FirebaseCommonKtxRegistrar"
70-->[com.google.firebase:firebase-common:21.0.0] AndroidManifest.xml:36:17-109
71                android:value="com.google.firebase.components.ComponentRegistrar" />
71-->[com.google.firebase:firebase-common:21.0.0] AndroidManifest.xml:37:17-82
72        </service>
73
74        <activity
74-->[com.google.firebase:firebase-auth:22.3.1] AndroidManifest.xml:29:9-46:20
75            android:name="com.google.firebase.auth.internal.GenericIdpActivity"
75-->[com.google.firebase:firebase-auth:22.3.1] AndroidManifest.xml:30:13-80
76            android:excludeFromRecents="true"
76-->[com.google.firebase:firebase-auth:22.3.1] AndroidManifest.xml:31:13-46
77            android:exported="true"
77-->[com.google.firebase:firebase-auth:22.3.1] AndroidManifest.xml:32:13-36
78            android:launchMode="singleTask"
78-->[com.google.firebase:firebase-auth:22.3.1] AndroidManifest.xml:33:13-44
79            android:theme="@android:style/Theme.Translucent.NoTitleBar" >
79-->[com.google.firebase:firebase-auth:22.3.1] AndroidManifest.xml:34:13-72
80            <intent-filter>
80-->[com.google.firebase:firebase-auth:22.3.1] AndroidManifest.xml:35:13-45:29
81                <action android:name="android.intent.action.VIEW" />
81-->[com.google.firebase:firebase-auth:22.3.1] AndroidManifest.xml:36:17-69
81-->[com.google.firebase:firebase-auth:22.3.1] AndroidManifest.xml:36:25-66
82
83                <category android:name="android.intent.category.DEFAULT" />
83-->[com.google.firebase:firebase-auth:22.3.1] AndroidManifest.xml:38:17-76
83-->[com.google.firebase:firebase-auth:22.3.1] AndroidManifest.xml:38:27-73
84                <category android:name="android.intent.category.BROWSABLE" />
84-->[com.google.firebase:firebase-auth:22.3.1] AndroidManifest.xml:39:17-78
84-->[com.google.firebase:firebase-auth:22.3.1] AndroidManifest.xml:39:27-75
85
86                <data
86-->[com.google.firebase:firebase-auth:22.3.1] AndroidManifest.xml:41:17-44:51
87                    android:host="firebase.auth"
87-->[com.google.firebase:firebase-auth:22.3.1] AndroidManifest.xml:42:21-49
88                    android:path="/"
88-->[com.google.firebase:firebase-auth:22.3.1] AndroidManifest.xml:43:21-37
89                    android:scheme="genericidp" />
89-->[com.google.firebase:firebase-auth:22.3.1] AndroidManifest.xml:44:21-48
90            </intent-filter>
91        </activity>
92        <activity
92-->[com.google.firebase:firebase-auth:22.3.1] AndroidManifest.xml:47:9-64:20
93            android:name="com.google.firebase.auth.internal.RecaptchaActivity"
93-->[com.google.firebase:firebase-auth:22.3.1] AndroidManifest.xml:48:13-79
94            android:excludeFromRecents="true"
94-->[com.google.firebase:firebase-auth:22.3.1] AndroidManifest.xml:49:13-46
95            android:exported="true"
95-->[com.google.firebase:firebase-auth:22.3.1] AndroidManifest.xml:50:13-36
96            android:launchMode="singleTask"
96-->[com.google.firebase:firebase-auth:22.3.1] AndroidManifest.xml:51:13-44
97            android:theme="@android:style/Theme.Translucent.NoTitleBar" >
97-->[com.google.firebase:firebase-auth:22.3.1] AndroidManifest.xml:52:13-72
98            <intent-filter>
98-->[com.google.firebase:firebase-auth:22.3.1] AndroidManifest.xml:53:13-63:29
99                <action android:name="android.intent.action.VIEW" />
99-->[com.google.firebase:firebase-auth:22.3.1] AndroidManifest.xml:36:17-69
99-->[com.google.firebase:firebase-auth:22.3.1] AndroidManifest.xml:36:25-66
100
101                <category android:name="android.intent.category.DEFAULT" />
101-->[com.google.firebase:firebase-auth:22.3.1] AndroidManifest.xml:38:17-76
101-->[com.google.firebase:firebase-auth:22.3.1] AndroidManifest.xml:38:27-73
102                <category android:name="android.intent.category.BROWSABLE" />
102-->[com.google.firebase:firebase-auth:22.3.1] AndroidManifest.xml:39:17-78
102-->[com.google.firebase:firebase-auth:22.3.1] AndroidManifest.xml:39:27-75
103
104                <data
104-->[com.google.firebase:firebase-auth:22.3.1] AndroidManifest.xml:41:17-44:51
105                    android:host="firebase.auth"
105-->[com.google.firebase:firebase-auth:22.3.1] AndroidManifest.xml:42:21-49
106                    android:path="/"
106-->[com.google.firebase:firebase-auth:22.3.1] AndroidManifest.xml:43:21-37
107                    android:scheme="recaptcha" />
107-->[com.google.firebase:firebase-auth:22.3.1] AndroidManifest.xml:44:21-48
108            </intent-filter>
109        </activity>
110        <activity
110-->[com.google.android.gms:play-services-base:18.1.0] AndroidManifest.xml:20:9-22:45
111            android:name="com.google.android.gms.common.api.GoogleApiActivity"
111-->[com.google.android.gms:play-services-base:18.1.0] AndroidManifest.xml:20:19-85
112            android:exported="false"
112-->[com.google.android.gms:play-services-base:18.1.0] AndroidManifest.xml:22:19-43
113            android:theme="@android:style/Theme.Translucent.NoTitleBar" />
113-->[com.google.android.gms:play-services-base:18.1.0] AndroidManifest.xml:21:19-78
114
115        <provider
115-->[com.google.firebase:firebase-common:21.0.0] AndroidManifest.xml:23:9-28:39
116            android:name="com.google.firebase.provider.FirebaseInitProvider"
116-->[com.google.firebase:firebase-common:21.0.0] AndroidManifest.xml:24:13-77
117            android:authorities="com.busviet.firebaseinitprovider"
117-->[com.google.firebase:firebase-common:21.0.0] AndroidManifest.xml:25:13-72
118            android:directBootAware="true"
118-->[com.google.firebase:firebase-common:21.0.0] AndroidManifest.xml:26:13-43
119            android:exported="false"
119-->[com.google.firebase:firebase-common:21.0.0] AndroidManifest.xml:27:13-37
120            android:initOrder="100" />
120-->[com.google.firebase:firebase-common:21.0.0] AndroidManifest.xml:28:13-36
121        <provider
121-->[androidx.emoji2:emoji2:1.3.0] AndroidManifest.xml:24:9-32:20
122            android:name="androidx.startup.InitializationProvider"
122-->[androidx.emoji2:emoji2:1.3.0] AndroidManifest.xml:25:13-67
123            android:authorities="com.busviet.androidx-startup"
123-->[androidx.emoji2:emoji2:1.3.0] AndroidManifest.xml:26:13-68
124            android:exported="false" >
124-->[androidx.emoji2:emoji2:1.3.0] AndroidManifest.xml:27:13-37
125            <meta-data
125-->[androidx.emoji2:emoji2:1.3.0] AndroidManifest.xml:29:13-31:52
126                android:name="androidx.emoji2.text.EmojiCompatInitializer"
126-->[androidx.emoji2:emoji2:1.3.0] AndroidManifest.xml:30:17-75
127                android:value="androidx.startup" />
127-->[androidx.emoji2:emoji2:1.3.0] AndroidManifest.xml:31:17-49
128            <meta-data
128-->[androidx.lifecycle:lifecycle-process:2.6.2] AndroidManifest.xml:29:13-31:52
129                android:name="androidx.lifecycle.ProcessLifecycleInitializer"
129-->[androidx.lifecycle:lifecycle-process:2.6.2] AndroidManifest.xml:30:17-78
130                android:value="androidx.startup" />
130-->[androidx.lifecycle:lifecycle-process:2.6.2] AndroidManifest.xml:31:17-49
131            <meta-data
131-->[androidx.profileinstaller:profileinstaller:1.4.0] AndroidManifest.xml:29:13-31:52
132                android:name="androidx.profileinstaller.ProfileInstallerInitializer"
132-->[androidx.profileinstaller:profileinstaller:1.4.0] AndroidManifest.xml:30:17-85
133                android:value="androidx.startup" />
133-->[androidx.profileinstaller:profileinstaller:1.4.0] AndroidManifest.xml:31:17-49
134        </provider>
135
136        <meta-data
136-->[com.google.android.gms:play-services-basement:18.3.0] AndroidManifest.xml:21:9-23:69
137            android:name="com.google.android.gms.version"
137-->[com.google.android.gms:play-services-basement:18.3.0] AndroidManifest.xml:22:13-58
138            android:value="@integer/google_play_services_version" />
138-->[com.google.android.gms:play-services-basement:18.3.0] AndroidManifest.xml:23:13-66
139
140        <receiver
140-->[androidx.profileinstaller:profileinstaller:1.4.0] AndroidManifest.xml:34:9-52:20
141            android:name="androidx.profileinstaller.ProfileInstallReceiver"
141-->[androidx.profileinstaller:profileinstaller:1.4.0] AndroidManifest.xml:35:13-76
142            android:directBootAware="false"
142-->[androidx.profileinstaller:profileinstaller:1.4.0] AndroidManifest.xml:36:13-44
143            android:enabled="true"
143-->[androidx.profileinstaller:profileinstaller:1.4.0] AndroidManifest.xml:37:13-35
144            android:exported="true"
144-->[androidx.profileinstaller:profileinstaller:1.4.0] AndroidManifest.xml:38:13-36
145            android:permission="android.permission.DUMP" >
145-->[androidx.profileinstaller:profileinstaller:1.4.0] AndroidManifest.xml:39:13-57
146            <intent-filter>
146-->[androidx.profileinstaller:profileinstaller:1.4.0] AndroidManifest.xml:40:13-42:29
147                <action android:name="androidx.profileinstaller.action.INSTALL_PROFILE" />
147-->[androidx.profileinstaller:profileinstaller:1.4.0] AndroidManifest.xml:41:17-91
147-->[androidx.profileinstaller:profileinstaller:1.4.0] AndroidManifest.xml:41:25-88
148            </intent-filter>
149            <intent-filter>
149-->[androidx.profileinstaller:profileinstaller:1.4.0] AndroidManifest.xml:43:13-45:29
150                <action android:name="androidx.profileinstaller.action.SKIP_FILE" />
150-->[androidx.profileinstaller:profileinstaller:1.4.0] AndroidManifest.xml:44:17-85
150-->[androidx.profileinstaller:profileinstaller:1.4.0] AndroidManifest.xml:44:25-82
151            </intent-filter>
152            <intent-filter>
152-->[androidx.profileinstaller:profileinstaller:1.4.0] AndroidManifest.xml:46:13-48:29
153                <action android:name="androidx.profileinstaller.action.SAVE_PROFILE" />
153-->[androidx.profileinstaller:profileinstaller:1.4.0] AndroidManifest.xml:47:17-88
153-->[androidx.profileinstaller:profileinstaller:1.4.0] AndroidManifest.xml:47:25-85
154            </intent-filter>
155            <intent-filter>
155-->[androidx.profileinstaller:profileinstaller:1.4.0] AndroidManifest.xml:49:13-51:29
156                <action android:name="androidx.profileinstaller.action.BENCHMARK_OPERATION" />
156-->[androidx.profileinstaller:profileinstaller:1.4.0] AndroidManifest.xml:50:17-95
156-->[androidx.profileinstaller:profileinstaller:1.4.0] AndroidManifest.xml:50:25-92
157            </intent-filter>
158        </receiver>
159    </application>
160
161</manifest>